2017-11-29 17:45:02 +0000 [MT] Initial pipeline context: <IDEDistributionProcessingPipelineContext: 0x7f832f756db0; archive(resolved)='<IDEArchive: 0x7f832f578f60>', distributionTask(resolved)='2', distributionMethod(resolved)='<IDEDistributionMethodDevelopmentSigned: 0x7f8332b570e0>', team(resolved)='<IDEProvisioningBasicTeam 0x7f832f728420: teamID: PXJ934633Z, teamName: (null)>'>
	Chain (11, self inclusive):
	<IDEDistributionProcessingPipelineContext: 0x7f832f756db0; archive = '<IDEArchive: 0x7f832f578f60>', distributionMethod='<IDEDistributionMethodDevelopmentSigned: 0x7f8332b570e0>', team='<IDEProvisioningBasicTeam 0x7f832f728420: teamID: PXJ934633Z, teamName: (null)>'>
	<IDEDistributionProcessingPipelineContext: 0x7f832f7637e0; archive = '<IDEArchive: 0x7f832f578f60>', distributionMethod='<IDEDistributionMethodDevelopmentSigned: 0x7f8332b570e0>', team='<IDEProvisioningBasicTeam 0x7f832f728420: teamID: PXJ934633Z, teamName: (null)>'>
	<IDEDistributionContext: 0x7f832f7a3340; archive = '<IDEArchive: 0x7f832f578f60>', distributionMethod='<IDEDistributionMethodDevelopmentSigned: 0x7f8332b570e0>', team='<IDEProvisioningBasicTeam 0x7f832f728420: teamID: PXJ934633Z, teamName: (null)>'>
	<IDEDistributionContext: 0x7f832f7590c0; archive = '<IDEArchive: 0x7f832f578f60>', distributionMethod='<IDEDistributionMethodDevelopmentSigned: 0x7f8332b570e0>', team='<IDEProvisioningBasicTeam 0x7f832f728420: teamID: PXJ934633Z, teamName: (null)>'>
	<IDEDistributionContext: 0x7f832f755b80; archive = '<IDEArchive: 0x7f832f578f60>', distributionMethod='<IDEDistributionMethodDevelopmentSigned: 0x7f8332b570e0>', team='<IDEProvisioningBasicTeam 0x7f832f728420: teamID: PXJ934633Z, teamName: (null)>'>
	<IDEDistributionContext: 0x7f832f750550; archive = '<IDEArchive: 0x7f832f578f60>', distributionMethod='<IDEDistributionMethodDevelopmentSigned: 0x7f8332b570e0>', team='<IDEProvisioningBasicTeam 0x7f832f728420: teamID: PXJ934633Z, teamName: (null)>'>
	<IDEDistributionContext: 0x7f832f730ee0; archive = '<IDEArchive: 0x7f832f578f60>', distributionMethod='<IDEDistributionMethodDevelopmentSigned: 0x7f8332b570e0>', team='<IDEProvisioningBasicTeam 0x7f832f728420: teamID: PXJ934633Z, teamName: (null)>'>
	<IDEDistributionContext: 0x7f8332a75d60; archive = '<IDEArchive: 0x7f832f578f60>', distributionMethod='<IDEDistributionMethodDevelopmentSigned: 0x7f8332b570e0>', team='<IDEProvisioningBasicTeam 0x7f832f728420: teamID: PXJ934633Z, teamName: (null)>'>
	<IDEDistributionContext: 0x7f83328437c0; archive = '<IDEArchive: 0x7f832f578f60>', distributionMethod='<IDEDistributionMethodDevelopmentSigned: 0x7f8332b570e0>', team='<IDEProvisioningBasicTeam 0x7f832f728420: teamID: PXJ934633Z, teamName: (null)>'>
	<IDEDistributionContext: 0x7f8332b647b0; archive = '<IDEArchive: 0x7f832f578f60>', distributionMethod='<IDEDistributionMethodDevelopmentSigned: 0x7f8332b570e0>', team='(null)'>
	<IDEDistributionContext: 0x7f832f54d190; archive = '<IDEArchive: 0x7f832f578f60>', distributionMethod='(null)', team='(null)'>
</IDEDistributionProcessingPipelineContext: 0x7f832f756db0>
2017-11-29 17:45:02 +0000 [MT] Processing step: IDEDistributionCreateDestRootStep
2017-11-29 17:45:02 +0000 [MT] Processing step: IDEDistributionCopyItemStep
2017-11-29 17:45:02 +0000 [MT] Running /usr/bin/ditto '-V' '/Users/sthota/Documents/iOSApps/JM/gotchapp/Builds/JM.xcarchive/Products/Applications/JM.app' '/var/folders/9g/d69s_tv50p71y6_tb390pjn82zcnpk/T/XcodeDistPipeline.QtB/Root/Payload/JM.app'
2017-11-29 17:45:02 +0000  >>> Copying /Users/sthota/Documents/iOSApps/JM/gotchapp/Builds/JM.xcarchive/Products/Applications/JM.app 
2017-11-29 17:45:02 +0000  copying file ./_CodeSignature/CodeResources ... 
2017-11-29 17:45:02 +0000  9019 bytes for ./_CodeSignature/CodeResources
2017-11-29 17:45:02 +0000  copying file ./archived-expanded-entitlements.xcent ... 
2017-11-29 17:45:02 +0000  384 bytes for ./archived-expanded-entitlements.xcent
2017-11-29 17:45:02 +0000  copying file ./Base.lproj/LaunchScreen.storyboardc/01J-lp-oVM-view-Ze5-6b-2t3.nib ... 
2017-11-29 17:45:02 +0000  1136 bytes for ./Base.lproj/LaunchScreen.storyboardc/01J-lp-oVM-view-Ze5-6b-2t3.nib
2017-11-29 17:45:02 +0000  copying file ./Base.lproj/LaunchScreen.storyboardc/Info.plist ... 
2017-11-29 17:45:02 +0000  258 bytes for ./Base.lproj/LaunchScreen.storyboardc/Info.plist
copying file ./Base.lproj/LaunchScreen.storyboardc/UIViewController-01J-lp-oVM.nib ... 
2017-11-29 17:45:02 +0000  832 bytes for ./Base.lproj/LaunchScreen.storyboardc/UIViewController-01J-lp-oVM.nib
copying file ./Base.lproj/Main.storyboardc/BYZ-38-t0r-view-8bC-Xf-vdC.nib ... 
2017-11-29 17:45:02 +0000  1136 bytes for ./Base.lproj/Main.storyboardc/BYZ-38-t0r-view-8bC-Xf-vdC.nib
copying file ./Base.lproj/Main.storyboardc/Info.plist ... 
2017-11-29 17:45:02 +0000  258 bytes for ./Base.lproj/Main.storyboardc/Info.plist
copying file ./Base.lproj/Main.storyboardc/UIViewController-BYZ-38-t0r.nib ... 
2017-11-29 17:45:02 +0000  925 bytes for ./Base.lproj/Main.storyboardc/UIViewController-BYZ-38-t0r.nib
2017-11-29 17:45:02 +0000  copying file ./embedded.mobileprovision ... 
2017-11-29 17:45:02 +0000  9616 bytes for ./embedded.mobileprovision
2017-11-29 17:45:02 +0000  copying file ./Frameworks/libswiftCore.dylib ... 
2017-11-29 17:45:02 +0000  68656912 bytes for ./Frameworks/libswiftCore.dylib
copying file ./Frameworks/libswiftCoreFoundation.dylib ... 
2017-11-29 17:45:02 +0000  257664 bytes for ./Frameworks/libswiftCoreFoundation.dylib
copying file ./Frameworks/libswiftCoreGraphics.dylib ... 
1268800 bytes for ./Frameworks/libswiftCoreGraphics.dylib
copying file ./Frameworks/libswiftCoreImage.dylib ... 
258224 bytes for ./Frameworks/libswiftCoreImage.dylib
copying file ./Frameworks/libswiftDarwin.dylib ... 
599232 bytes for ./Frameworks/libswiftDarwin.dylib
copying file ./Frameworks/libswiftDispatch.dylib ... 
2017-11-29 17:45:02 +0000  2440704 bytes for ./Frameworks/libswiftDispatch.dylib
copying file ./Frameworks/libswiftFoundation.dylib ... 
2017-11-29 17:45:02 +0000  28714192 bytes for ./Frameworks/libswiftFoundation.dylib
copying file ./Frameworks/libswiftMetal.dylib ... 
2017-11-29 17:45:02 +0000  399344 bytes for ./Frameworks/libswiftMetal.dylib
copying file ./Frameworks/libswiftObjectiveC.dylib ... 
505744 bytes for ./Frameworks/libswiftObjectiveC.dylib
copying file ./Frameworks/libswiftos.dylib ... 
446352 bytes for ./Frameworks/libswiftos.dylib
copying file ./Frameworks/libswiftQuartzCore.dylib ... 
2017-11-29 17:45:02 +0000  310928 bytes for ./Frameworks/libswiftQuartzCore.dylib
copying file ./Frameworks/libswiftUIKit.dylib ... 
2017-11-29 17:45:02 +0000  789152 bytes for ./Frameworks/libswiftUIKit.dylib
2017-11-29 17:45:02 +0000  copying file ./Info.plist ... 
2017-11-29 17:45:02 +0000  1104 bytes for ./Info.plist
copying file ./JM ... 
2017-11-29 17:45:02 +0000  132048 bytes for ./JM
copying file ./PkgInfo ... 
2017-11-29 17:45:02 +0000  8 bytes for ./PkgInfo
2017-11-29 17:45:02 +0000 [MT] /usr/bin/ditto exited with 0
2017-11-29 17:45:02 +0000 [MT] Processing step: IDEDistributionEmbedProfileStep
2017-11-29 17:45:02 +0000 [MT] Skipping profile for item: <IDEDistributionItem: 0x7f8332b84c20 'com.apple.dt.runtime.swiftCore' '<DVTFilePath:0x7f832f73a560:'/Users/sthota/Documents/iOSApps/JM/gotchapp/Builds/JM.xcarchive/Products/Applications/JM.app/Frameworks/libswiftCore.dylib'>'>
2017-11-29 17:45:02 +0000 [MT] Skipping profile for item: <IDEDistributionItem: 0x7f832f770960 'com.apple.dt.runtime.swiftCoreFoundation' '<DVTFilePath:0x7f8332a527c0:'/Users/sthota/Documents/iOSApps/JM/gotchapp/Builds/JM.xcarchive/Products/Applications/JM.app/Frameworks/libswiftCoreFoundation.dylib'>'>
2017-11-29 17:45:02 +0000 [MT] Skipping profile for item: <IDEDistributionItem: 0x7f833288a2a0 'com.apple.dt.runtime.swiftCoreGraphics' '<DVTFilePath:0x7f8332a53460:'/Users/sthota/Documents/iOSApps/JM/gotchapp/Builds/JM.xcarchive/Products/Applications/JM.app/Frameworks/libswiftCoreGraphics.dylib'>'>
2017-11-29 17:45:02 +0000 [MT] Skipping profile for item: <IDEDistributionItem: 0x7f83328874f0 'com.apple.dt.runtime.swiftCoreImage' '<DVTFilePath:0x7f8332a609e0:'/Users/sthota/Documents/iOSApps/JM/gotchapp/Builds/JM.xcarchive/Products/Applications/JM.app/Frameworks/libswiftCoreImage.dylib'>'>
2017-11-29 17:45:02 +0000 [MT] Skipping profile for item: <IDEDistributionItem: 0x7f8332b83160 'com.apple.dt.runtime.swiftDarwin' '<DVTFilePath:0x7f832f730ac0:'/Users/sthota/Documents/iOSApps/JM/gotchapp/Builds/JM.xcarchive/Products/Applications/JM.app/Frameworks/libswiftDarwin.dylib'>'>
2017-11-29 17:45:02 +0000 [MT] Skipping profile for item: <IDEDistributionItem: 0x7f832f74e140 'com.apple.dt.runtime.swiftDispatch' '<DVTFilePath:0x7f8332a627e0:'/Users/sthota/Documents/iOSApps/JM/gotchapp/Builds/JM.xcarchive/Products/Applications/JM.app/Frameworks/libswiftDispatch.dylib'>'>
2017-11-29 17:45:02 +0000 [MT] Skipping profile for item: <IDEDistributionItem: 0x7f8332a6c230 'com.apple.dt.runtime.swiftFoundation' '<DVTFilePath:0x7f8332a634d0:'/Users/sthota/Documents/iOSApps/JM/gotchapp/Builds/JM.xcarchive/Products/Applications/JM.app/Frameworks/libswiftFoundation.dylib'>'>
2017-11-29 17:45:02 +0000 [MT] Skipping profile for item: <IDEDistributionItem: 0x7f832f741b60 'com.apple.dt.runtime.swiftMetal' '<DVTFilePath:0x7f8332a62730:'/Users/sthota/Documents/iOSApps/JM/gotchapp/Builds/JM.xcarchive/Products/Applications/JM.app/Frameworks/libswiftMetal.dylib'>'>
2017-11-29 17:45:02 +0000 [MT] Skipping profile for item: <IDEDistributionItem: 0x7f832f756430 'com.apple.dt.runtime.swiftObjectiveC' '<DVTFilePath:0x7f8332a64b80:'/Users/sthota/Documents/iOSApps/JM/gotchapp/Builds/JM.xcarchive/Products/Applications/JM.app/Frameworks/libswiftObjectiveC.dylib'>'>
2017-11-29 17:45:02 +0000 [MT] Skipping profile for item: <IDEDistributionItem: 0x7f8332825cd0 'com.apple.dt.runtime.swiftQuartzCore' '<DVTFilePath:0x7f8332a66620:'/Users/sthota/Documents/iOSApps/JM/gotchapp/Builds/JM.xcarchive/Products/Applications/JM.app/Frameworks/libswiftQuartzCore.dylib'>'>
2017-11-29 17:45:02 +0000 [MT] Skipping profile for item: <IDEDistributionItem: 0x7f832f73a140 'com.apple.dt.runtime.swiftUIKit' '<DVTFilePath:0x7f8332a680f0:'/Users/sthota/Documents/iOSApps/JM/gotchapp/Builds/JM.xcarchive/Products/Applications/JM.app/Frameworks/libswiftUIKit.dylib'>'>
2017-11-29 17:45:02 +0000 [MT] Skipping profile for item: <IDEDistributionItem: 0x7f832f72f6d0 'com.apple.dt.runtime.swiftos' '<DVTFilePath:0x7f8332a65940:'/Users/sthota/Documents/iOSApps/JM/gotchapp/Builds/JM.xcarchive/Products/Applications/JM.app/Frameworks/libswiftos.dylib'>'>
2017-11-29 17:45:02 +0000 [MT] Processing step: IDEDistributionAppThinningPlistStep
2017-11-29 17:45:02 +0000 [MT] Skipping step: IDEDistributionAppThinningPlistStep because it said so
2017-11-29 17:45:02 +0000 [MT] Processing step: IDEDistributionCompileBitcodeStep
2017-11-29 17:45:02 +0000 [MT] Skipping step: IDEDistributionCompileBitcodeStep because it said so
2017-11-29 17:45:02 +0000 [MT] Processing step: IDEDistributionCodeSlimmingStep
2017-11-29 17:45:02 +0000 [MT] Processing step: IDEDistributionCopyBCSymbolMapsStep
2017-11-29 17:45:02 +0000 [MT] Skipping step: IDEDistributionCopyBCSymbolMapsStep because it said so
2017-11-29 17:45:02 +0000 [MT] Skipping step: IDEDistributionCopyBCSymbolMapsStep because it said so
2017-11-29 17:45:02 +0000 [MT] Skipping step: IDEDistributionCopyBCSymbolMapsStep because it said so
2017-11-29 17:45:02 +0000 [MT] Skipping step: IDEDistributionCopyBCSymbolMapsStep because it said so
2017-11-29 17:45:02 +0000 [MT] Skipping step: IDEDistributionCopyBCSymbolMapsStep because it said so
2017-11-29 17:45:02 +0000 [MT] Skipping step: IDEDistributionCopyBCSymbolMapsStep because it said so
2017-11-29 17:45:02 +0000 [MT] Skipping step: IDEDistributionCopyBCSymbolMapsStep because it said so
2017-11-29 17:45:02 +0000 [MT] Skipping step: IDEDistributionCopyBCSymbolMapsStep because it said so
2017-11-29 17:45:02 +0000 [MT] Skipping step: IDEDistributionCopyBCSymbolMapsStep because it said so
2017-11-29 17:45:02 +0000 [MT] Skipping step: IDEDistributionCopyBCSymbolMapsStep because it said so
2017-11-29 17:45:02 +0000 [MT] Skipping step: IDEDistributionCopyBCSymbolMapsStep because it said so
2017-11-29 17:45:02 +0000 [MT] Skipping step: IDEDistributionCopyBCSymbolMapsStep because it said so
2017-11-29 17:45:02 +0000 [MT] Skipping step: IDEDistributionCopyBCSymbolMapsStep because it said so
2017-11-29 17:45:02 +0000 [MT] Processing step: IDEDistributionSymbolsStep
2017-11-29 17:45:02 +0000 [MT] Skipping step: IDEDistributionSymbolsStep because it said so
2017-11-29 17:45:02 +0000 [MT] Skipping step: IDEDistributionSymbolsStep because it said so
2017-11-29 17:45:02 +0000 [MT] Skipping step: IDEDistributionSymbolsStep because it said so
2017-11-29 17:45:02 +0000 [MT] Skipping step: IDEDistributionSymbolsStep because it said so
2017-11-29 17:45:02 +0000 [MT] Skipping step: IDEDistributionSymbolsStep because it said so
2017-11-29 17:45:02 +0000 [MT] Skipping step: IDEDistributionSymbolsStep because it said so
2017-11-29 17:45:02 +0000 [MT] Skipping step: IDEDistributionSymbolsStep because it said so
2017-11-29 17:45:02 +0000 [MT] Skipping step: IDEDistributionSymbolsStep because it said so
2017-11-29 17:45:02 +0000 [MT] Skipping step: IDEDistributionSymbolsStep because it said so
2017-11-29 17:45:02 +0000 [MT] Skipping step: IDEDistributionSymbolsStep because it said so
2017-11-29 17:45:02 +0000 [MT] Skipping step: IDEDistributionSymbolsStep because it said so
2017-11-29 17:45:02 +0000 [MT] Skipping step: IDEDistributionSymbolsStep because it said so
2017-11-29 17:45:02 +0000 [MT] Skipping step: IDEDistributionSymbolsStep because it said so
2017-11-29 17:45:02 +0000 [MT] Processing step: IDEDistributionAppThinningStep
2017-11-29 17:45:02 +0000 [MT] Skipping step: IDEDistributionAppThinningStep because it said so
2017-11-29 17:45:02 +0000 [MT] Processing step: IDEDistributionODRStep
2017-11-29 17:45:02 +0000 [MT] Processing step: IDEDistributionStripXattrsStep
2017-11-29 17:45:02 +0000 [MT] Skipping stripping extended attributes of item: <IDEDistributionItem: 0x7f8332b84c20 'com.apple.dt.runtime.swiftCore' '<DVTFilePath:0x7f832f73a560:'/Users/sthota/Documents/iOSApps/JM/gotchapp/Builds/JM.xcarchive/Products/Applications/JM.app/Frameworks/libswiftCore.dylib'>'>
2017-11-29 17:45:02 +0000 [MT] Skipping stripping extended attributes of item: <IDEDistributionItem: 0x7f832f770960 'com.apple.dt.runtime.swiftCoreFoundation' '<DVTFilePath:0x7f8332a527c0:'/Users/sthota/Documents/iOSApps/JM/gotchapp/Builds/JM.xcarchive/Products/Applications/JM.app/Frameworks/libswiftCoreFoundation.dylib'>'>
2017-11-29 17:45:02 +0000 [MT] Skipping stripping extended attributes of item: <IDEDistributionItem: 0x7f833288a2a0 'com.apple.dt.runtime.swiftCoreGraphics' '<DVTFilePath:0x7f8332a53460:'/Users/sthota/Documents/iOSApps/JM/gotchapp/Builds/JM.xcarchive/Products/Applications/JM.app/Frameworks/libswiftCoreGraphics.dylib'>'>
2017-11-29 17:45:02 +0000 [MT] Skipping stripping extended attributes of item: <IDEDistributionItem: 0x7f83328874f0 'com.apple.dt.runtime.swiftCoreImage' '<DVTFilePath:0x7f8332a609e0:'/Users/sthota/Documents/iOSApps/JM/gotchapp/Builds/JM.xcarchive/Products/Applications/JM.app/Frameworks/libswiftCoreImage.dylib'>'>
2017-11-29 17:45:02 +0000 [MT] Skipping stripping extended attributes of item: <IDEDistributionItem: 0x7f8332b83160 'com.apple.dt.runtime.swiftDarwin' '<DVTFilePath:0x7f832f730ac0:'/Users/sthota/Documents/iOSApps/JM/gotchapp/Builds/JM.xcarchive/Products/Applications/JM.app/Frameworks/libswiftDarwin.dylib'>'>
2017-11-29 17:45:02 +0000 [MT] Skipping stripping extended attributes of item: <IDEDistributionItem: 0x7f832f74e140 'com.apple.dt.runtime.swiftDispatch' '<DVTFilePath:0x7f8332a627e0:'/Users/sthota/Documents/iOSApps/JM/gotchapp/Builds/JM.xcarchive/Products/Applications/JM.app/Frameworks/libswiftDispatch.dylib'>'>
2017-11-29 17:45:02 +0000 [MT] Skipping stripping extended attributes of item: <IDEDistributionItem: 0x7f8332a6c230 'com.apple.dt.runtime.swiftFoundation' '<DVTFilePath:0x7f8332a634d0:'/Users/sthota/Documents/iOSApps/JM/gotchapp/Builds/JM.xcarchive/Products/Applications/JM.app/Frameworks/libswiftFoundation.dylib'>'>
2017-11-29 17:45:02 +0000 [MT] Skipping stripping extended attributes of item: <IDEDistributionItem: 0x7f832f741b60 'com.apple.dt.runtime.swiftMetal' '<DVTFilePath:0x7f8332a62730:'/Users/sthota/Documents/iOSApps/JM/gotchapp/Builds/JM.xcarchive/Products/Applications/JM.app/Frameworks/libswiftMetal.dylib'>'>
2017-11-29 17:45:02 +0000 [MT] Skipping stripping extended attributes of item: <IDEDistributionItem: 0x7f832f756430 'com.apple.dt.runtime.swiftObjectiveC' '<DVTFilePath:0x7f8332a64b80:'/Users/sthota/Documents/iOSApps/JM/gotchapp/Builds/JM.xcarchive/Products/Applications/JM.app/Frameworks/libswiftObjectiveC.dylib'>'>
2017-11-29 17:45:02 +0000 [MT] Skipping stripping extended attributes of item: <IDEDistributionItem: 0x7f8332825cd0 'com.apple.dt.runtime.swiftQuartzCore' '<DVTFilePath:0x7f8332a66620:'/Users/sthota/Documents/iOSApps/JM/gotchapp/Builds/JM.xcarchive/Products/Applications/JM.app/Frameworks/libswiftQuartzCore.dylib'>'>
2017-11-29 17:45:02 +0000 [MT] Skipping stripping extended attributes of item: <IDEDistributionItem: 0x7f832f73a140 'com.apple.dt.runtime.swiftUIKit' '<DVTFilePath:0x7f8332a680f0:'/Users/sthota/Documents/iOSApps/JM/gotchapp/Builds/JM.xcarchive/Products/Applications/JM.app/Frameworks/libswiftUIKit.dylib'>'>
2017-11-29 17:45:02 +0000 [MT] Skipping stripping extended attributes of item: <IDEDistributionItem: 0x7f832f72f6d0 'com.apple.dt.runtime.swiftos' '<DVTFilePath:0x7f8332a65940:'/Users/sthota/Documents/iOSApps/JM/gotchapp/Builds/JM.xcarchive/Products/Applications/JM.app/Frameworks/libswiftos.dylib'>'>
2017-11-29 17:45:02 +0000 [MT] Running /usr/bin/xattr '-cr' '/var/folders/9g/d69s_tv50p71y6_tb390pjn82zcnpk/T/XcodeDistPipeline.QtB/Root/Payload/JM.app'
2017-11-29 17:45:02 +0000 [MT] /usr/bin/xattr exited with 0
2017-11-29 17:45:02 +0000 [MT] Processing step: IDEDistributionCodesignStep
2017-11-29 17:45:02 +0000 [MT] Applying entitlements delta for <IDEDistributionItem: 0x7f8332b84c20 'com.apple.dt.runtime.swiftCore' '<DVTFilePath:0x7f832f73a560:'/Users/sthota/Documents/iOSApps/JM/gotchapp/Builds/JM.xcarchive/Products/Applications/JM.app/Frameworks/libswiftCore.dylib'>'> from <IDEiCloudEntitlementsProcessor: 0x7f832f758a60>: {
}
2017-11-29 17:45:02 +0000 [MT] Entitlements for <IDEDistributionItem: 0x7f8332b84c20 'com.apple.dt.runtime.swiftCore' '<DVTFilePath:0x7f832f73a560:'/Users/sthota/Documents/iOSApps/JM/gotchapp/Builds/JM.xcarchive/Products/Applications/JM.app/Frameworks/libswiftCore.dylib'>'>: {
}
2017-11-29 17:45:02 +0000 [MT] Writing entitlements for <IDEDistributionItem: 0x7f8332b84c20 'com.apple.dt.runtime.swiftCore' '<DVTFilePath:0x7f832f73a560:'/Users/sthota/Documents/iOSApps/JM/gotchapp/Builds/JM.xcarchive/Products/Applications/JM.app/Frameworks/libswiftCore.dylib'>'> to: /var/folders/9g/d69s_tv50p71y6_tb390pjn82zcnpk/T/XcodeDistPipeline.QtB/entitlementsEWydPO
2017-11-29 17:45:02 +0000 [MT] Running /usr/bin/codesign '-vvv' '--force' '--sign' '82C501310C0A3A2DC1C80D77883D0CAAB3F151FE' '--preserve-metadata=identifier,flags' '--entitlements' '/var/folders/9g/d69s_tv50p71y6_tb390pjn82zcnpk/T/XcodeDistPipeline.QtB/entitlementsEWydPO' '/var/folders/9g/d69s_tv50p71y6_tb390pjn82zcnpk/T/XcodeDistPipeline.QtB/Root/Payload/JM.app/Frameworks/libswiftCore.dylib'
2017-11-29 17:45:03 +0000  /var/folders/9g/d69s_tv50p71y6_tb390pjn82zcnpk/T/XcodeDistPipeline.QtB/Root/Payload/JM.app/Frameworks/libswiftCore.dylib: signed Mach-O universal (armv7 armv7s arm64) [com.apple.dt.runtime.swiftCore]
2017-11-29 17:45:03 +0000 [MT] /usr/bin/codesign exited with 0
2017-11-29 17:45:03 +0000 [MT] Applying entitlements delta for <IDEDistributionItem: 0x7f832f770960 'com.apple.dt.runtime.swiftCoreFoundation' '<DVTFilePath:0x7f8332a527c0:'/Users/sthota/Documents/iOSApps/JM/gotchapp/Builds/JM.xcarchive/Products/Applications/JM.app/Frameworks/libswiftCoreFoundation.dylib'>'> from <IDEiCloudEntitlementsProcessor: 0x7f832f73e0f0>: {
}
2017-11-29 17:45:03 +0000 [MT] Entitlements for <IDEDistributionItem: 0x7f832f770960 'com.apple.dt.runtime.swiftCoreFoundation' '<DVTFilePath:0x7f8332a527c0:'/Users/sthota/Documents/iOSApps/JM/gotchapp/Builds/JM.xcarchive/Products/Applications/JM.app/Frameworks/libswiftCoreFoundation.dylib'>'>: {
}
2017-11-29 17:45:03 +0000 [MT] Writing entitlements for <IDEDistributionItem: 0x7f832f770960 'com.apple.dt.runtime.swiftCoreFoundation' '<DVTFilePath:0x7f8332a527c0:'/Users/sthota/Documents/iOSApps/JM/gotchapp/Builds/JM.xcarchive/Products/Applications/JM.app/Frameworks/libswiftCoreFoundation.dylib'>'> to: /var/folders/9g/d69s_tv50p71y6_tb390pjn82zcnpk/T/XcodeDistPipeline.QtB/entitlements3wFfI1
2017-11-29 17:45:03 +0000 [MT] Running /usr/bin/codesign '-vvv' '--force' '--sign' '82C501310C0A3A2DC1C80D77883D0CAAB3F151FE' '--preserve-metadata=identifier,flags' '--entitlements' '/var/folders/9g/d69s_tv50p71y6_tb390pjn82zcnpk/T/XcodeDistPipeline.QtB/entitlements3wFfI1' '/var/folders/9g/d69s_tv50p71y6_tb390pjn82zcnpk/T/XcodeDistPipeline.QtB/Root/Payload/JM.app/Frameworks/libswiftCoreFoundation.dylib'
2017-11-29 17:45:03 +0000  /var/folders/9g/d69s_tv50p71y6_tb390pjn82zcnpk/T/XcodeDistPipeline.QtB/Root/Payload/JM.app/Frameworks/libswiftCoreFoundation.dylib: signed Mach-O universal (armv7 armv7s arm64) [com.apple.dt.runtime.swiftCoreFoundation]
2017-11-29 17:45:03 +0000 [MT] /usr/bin/codesign exited with 0
2017-11-29 17:45:03 +0000 [MT] Applying entitlements delta for <IDEDistributionItem: 0x7f833288a2a0 'com.apple.dt.runtime.swiftCoreGraphics' '<DVTFilePath:0x7f8332a53460:'/Users/sthota/Documents/iOSApps/JM/gotchapp/Builds/JM.xcarchive/Products/Applications/JM.app/Frameworks/libswiftCoreGraphics.dylib'>'> from <IDEiCloudEntitlementsProcessor: 0x7f832f772ea0>: {
}
2017-11-29 17:45:03 +0000 [MT] Entitlements for <IDEDistributionItem: 0x7f833288a2a0 'com.apple.dt.runtime.swiftCoreGraphics' '<DVTFilePath:0x7f8332a53460:'/Users/sthota/Documents/iOSApps/JM/gotchapp/Builds/JM.xcarchive/Products/Applications/JM.app/Frameworks/libswiftCoreGraphics.dylib'>'>: {
}
2017-11-29 17:45:03 +0000 [MT] Writing entitlements for <IDEDistributionItem: 0x7f833288a2a0 'com.apple.dt.runtime.swiftCoreGraphics' '<DVTFilePath:0x7f8332a53460:'/Users/sthota/Documents/iOSApps/JM/gotchapp/Builds/JM.xcarchive/Products/Applications/JM.app/Frameworks/libswiftCoreGraphics.dylib'>'> to: /var/folders/9g/d69s_tv50p71y6_tb390pjn82zcnpk/T/XcodeDistPipeline.QtB/entitlementsr3pH5n
2017-11-29 17:45:03 +0000 [MT] Running /usr/bin/codesign '-vvv' '--force' '--sign' '82C501310C0A3A2DC1C80D77883D0CAAB3F151FE' '--preserve-metadata=identifier,flags' '--entitlements' '/var/folders/9g/d69s_tv50p71y6_tb390pjn82zcnpk/T/XcodeDistPipeline.QtB/entitlementsr3pH5n' '/var/folders/9g/d69s_tv50p71y6_tb390pjn82zcnpk/T/XcodeDistPipeline.QtB/Root/Payload/JM.app/Frameworks/libswiftCoreGraphics.dylib'
2017-11-29 17:45:03 +0000  /var/folders/9g/d69s_tv50p71y6_tb390pjn82zcnpk/T/XcodeDistPipeline.QtB/Root/Payload/JM.app/Frameworks/libswiftCoreGraphics.dylib: signed Mach-O universal (armv7 armv7s arm64) [com.apple.dt.runtime.swiftCoreGraphics]
2017-11-29 17:45:03 +0000 [MT] /usr/bin/codesign exited with 0
2017-11-29 17:45:03 +0000 [MT] Applying entitlements delta for <IDEDistributionItem: 0x7f83328874f0 'com.apple.dt.runtime.swiftCoreImage' '<DVTFilePath:0x7f8332a609e0:'/Users/sthota/Documents/iOSApps/JM/gotchapp/Builds/JM.xcarchive/Products/Applications/JM.app/Frameworks/libswiftCoreImage.dylib'>'> from <IDEiCloudEntitlementsProcessor: 0x7f832f74a8c0>: {
}
2017-11-29 17:45:03 +0000 [MT] Entitlements for <IDEDistributionItem: 0x7f83328874f0 'com.apple.dt.runtime.swiftCoreImage' '<DVTFilePath:0x7f8332a609e0:'/Users/sthota/Documents/iOSApps/JM/gotchapp/Builds/JM.xcarchive/Products/Applications/JM.app/Frameworks/libswiftCoreImage.dylib'>'>: {
}
2017-11-29 17:45:03 +0000 [MT] Writing entitlements for <IDEDistributionItem: 0x7f83328874f0 'com.apple.dt.runtime.swiftCoreImage' '<DVTFilePath:0x7f8332a609e0:'/Users/sthota/Documents/iOSApps/JM/gotchapp/Builds/JM.xcarchive/Products/Applications/JM.app/Frameworks/libswiftCoreImage.dylib'>'> to: /var/folders/9g/d69s_tv50p71y6_tb390pjn82zcnpk/T/XcodeDistPipeline.QtB/entitlementsWvPo2w
2017-11-29 17:45:03 +0000 [MT] Running /usr/bin/codesign '-vvv' '--force' '--sign' '82C501310C0A3A2DC1C80D77883D0CAAB3F151FE' '--preserve-metadata=identifier,flags' '--entitlements' '/var/folders/9g/d69s_tv50p71y6_tb390pjn82zcnpk/T/XcodeDistPipeline.QtB/entitlementsWvPo2w' '/var/folders/9g/d69s_tv50p71y6_tb390pjn82zcnpk/T/XcodeDistPipeline.QtB/Root/Payload/JM.app/Frameworks/libswiftCoreImage.dylib'
2017-11-29 17:45:03 +0000  /var/folders/9g/d69s_tv50p71y6_tb390pjn82zcnpk/T/XcodeDistPipeline.QtB/Root/Payload/JM.app/Frameworks/libswiftCoreImage.dylib: signed Mach-O universal (armv7 armv7s arm64) [com.apple.dt.runtime.swiftCoreImage]
2017-11-29 17:45:03 +0000 [MT] /usr/bin/codesign exited with 0
2017-11-29 17:45:03 +0000 [MT] Applying entitlements delta for <IDEDistributionItem: 0x7f8332b83160 'com.apple.dt.runtime.swiftDarwin' '<DVTFilePath:0x7f832f730ac0:'/Users/sthota/Documents/iOSApps/JM/gotchapp/Builds/JM.xcarchive/Products/Applications/JM.app/Frameworks/libswiftDarwin.dylib'>'> from <IDEiCloudEntitlementsProcessor: 0x7f832f72ce10>: {
}
2017-11-29 17:45:03 +0000 [MT] Entitlements for <IDEDistributionItem: 0x7f8332b83160 'com.apple.dt.runtime.swiftDarwin' '<DVTFilePath:0x7f832f730ac0:'/Users/sthota/Documents/iOSApps/JM/gotchapp/Builds/JM.xcarchive/Products/Applications/JM.app/Frameworks/libswiftDarwin.dylib'>'>: {
}
2017-11-29 17:45:03 +0000 [MT] Writing entitlements for <IDEDistributionItem: 0x7f8332b83160 'com.apple.dt.runtime.swiftDarwin' '<DVTFilePath:0x7f832f730ac0:'/Users/sthota/Documents/iOSApps/JM/gotchapp/Builds/JM.xcarchive/Products/Applications/JM.app/Frameworks/libswiftDarwin.dylib'>'> to: /var/folders/9g/d69s_tv50p71y6_tb390pjn82zcnpk/T/XcodeDistPipeline.QtB/entitlementsmNbIlw
2017-11-29 17:45:03 +0000 [MT] Running /usr/bin/codesign '-vvv' '--force' '--sign' '82C501310C0A3A2DC1C80D77883D0CAAB3F151FE' '--preserve-metadata=identifier,flags' '--entitlements' '/var/folders/9g/d69s_tv50p71y6_tb390pjn82zcnpk/T/XcodeDistPipeline.QtB/entitlementsmNbIlw' '/var/folders/9g/d69s_tv50p71y6_tb390pjn82zcnpk/T/XcodeDistPipeline.QtB/Root/Payload/JM.app/Frameworks/libswiftDarwin.dylib'
2017-11-29 17:45:03 +0000  /var/folders/9g/d69s_tv50p71y6_tb390pjn82zcnpk/T/XcodeDistPipeline.QtB/Root/Payload/JM.app/Frameworks/libswiftDarwin.dylib: signed Mach-O universal (armv7 armv7s arm64) [com.apple.dt.runtime.swiftDarwin]
2017-11-29 17:45:03 +0000 [MT] /usr/bin/codesign exited with 0
2017-11-29 17:45:03 +0000 [MT] Applying entitlements delta for <IDEDistributionItem: 0x7f832f74e140 'com.apple.dt.runtime.swiftDispatch' '<DVTFilePath:0x7f8332a627e0:'/Users/sthota/Documents/iOSApps/JM/gotchapp/Builds/JM.xcarchive/Products/Applications/JM.app/Frameworks/libswiftDispatch.dylib'>'> from <IDEiCloudEntitlementsProcessor: 0x7f832f759090>: {
}
2017-11-29 17:45:03 +0000 [MT] Entitlements for <IDEDistributionItem: 0x7f832f74e140 'com.apple.dt.runtime.swiftDispatch' '<DVTFilePath:0x7f8332a627e0:'/Users/sthota/Documents/iOSApps/JM/gotchapp/Builds/JM.xcarchive/Products/Applications/JM.app/Frameworks/libswiftDispatch.dylib'>'>: {
}
2017-11-29 17:45:03 +0000 [MT] Writing entitlements for <IDEDistributionItem: 0x7f832f74e140 'com.apple.dt.runtime.swiftDispatch' '<DVTFilePath:0x7f8332a627e0:'/Users/sthota/Documents/iOSApps/JM/gotchapp/Builds/JM.xcarchive/Products/Applications/JM.app/Frameworks/libswiftDispatch.dylib'>'> to: /var/folders/9g/d69s_tv50p71y6_tb390pjn82zcnpk/T/XcodeDistPipeline.QtB/entitlementsZY4igQ
2017-11-29 17:45:03 +0000 [MT] Running /usr/bin/codesign '-vvv' '--force' '--sign' '82C501310C0A3A2DC1C80D77883D0CAAB3F151FE' '--preserve-metadata=identifier,flags' '--entitlements' '/var/folders/9g/d69s_tv50p71y6_tb390pjn82zcnpk/T/XcodeDistPipeline.QtB/entitlementsZY4igQ' '/var/folders/9g/d69s_tv50p71y6_tb390pjn82zcnpk/T/XcodeDistPipeline.QtB/Root/Payload/JM.app/Frameworks/libswiftDispatch.dylib'
2017-11-29 17:45:04 +0000  /var/folders/9g/d69s_tv50p71y6_tb390pjn82zcnpk/T/XcodeDistPipeline.QtB/Root/Payload/JM.app/Frameworks/libswiftDispatch.dylib: signed Mach-O universal (armv7 armv7s arm64) [com.apple.dt.runtime.swiftDispatch]
2017-11-29 17:45:04 +0000 [MT] /usr/bin/codesign exited with 0
2017-11-29 17:45:04 +0000 [MT] Applying entitlements delta for <IDEDistributionItem: 0x7f8332a6c230 'com.apple.dt.runtime.swiftFoundation' '<DVTFilePath:0x7f8332a634d0:'/Users/sthota/Documents/iOSApps/JM/gotchapp/Builds/JM.xcarchive/Products/Applications/JM.app/Frameworks/libswiftFoundation.dylib'>'> from <IDEiCloudEntitlementsProcessor: 0x7f832f766040>: {
}
2017-11-29 17:45:04 +0000 [MT] Entitlements for <IDEDistributionItem: 0x7f8332a6c230 'com.apple.dt.runtime.swiftFoundation' '<DVTFilePath:0x7f8332a634d0:'/Users/sthota/Documents/iOSApps/JM/gotchapp/Builds/JM.xcarchive/Products/Applications/JM.app/Frameworks/libswiftFoundation.dylib'>'>: {
}
2017-11-29 17:45:04 +0000 [MT] Writing entitlements for <IDEDistributionItem: 0x7f8332a6c230 'com.apple.dt.runtime.swiftFoundation' '<DVTFilePath:0x7f8332a634d0:'/Users/sthota/Documents/iOSApps/JM/gotchapp/Builds/JM.xcarchive/Products/Applications/JM.app/Frameworks/libswiftFoundation.dylib'>'> to: /var/folders/9g/d69s_tv50p71y6_tb390pjn82zcnpk/T/XcodeDistPipeline.QtB/entitlementss6Pobs
2017-11-29 17:45:04 +0000 [MT] Running /usr/bin/codesign '-vvv' '--force' '--sign' '82C501310C0A3A2DC1C80D77883D0CAAB3F151FE' '--preserve-metadata=identifier,flags' '--entitlements' '/var/folders/9g/d69s_tv50p71y6_tb390pjn82zcnpk/T/XcodeDistPipeline.QtB/entitlementss6Pobs' '/var/folders/9g/d69s_tv50p71y6_tb390pjn82zcnpk/T/XcodeDistPipeline.QtB/Root/Payload/JM.app/Frameworks/libswiftFoundation.dylib'
2017-11-29 17:45:04 +0000  /var/folders/9g/d69s_tv50p71y6_tb390pjn82zcnpk/T/XcodeDistPipeline.QtB/Root/Payload/JM.app/Frameworks/libswiftFoundation.dylib: signed Mach-O universal (armv7 armv7s arm64) [com.apple.dt.runtime.swiftFoundation]
2017-11-29 17:45:04 +0000 [MT] /usr/bin/codesign exited with 0
2017-11-29 17:45:04 +0000 [MT] Applying entitlements delta for <IDEDistributionItem: 0x7f832f741b60 'com.apple.dt.runtime.swiftMetal' '<DVTFilePath:0x7f8332a62730:'/Users/sthota/Documents/iOSApps/JM/gotchapp/Builds/JM.xcarchive/Products/Applications/JM.app/Frameworks/libswiftMetal.dylib'>'> from <IDEiCloudEntitlementsProcessor: 0x7f832f74b550>: {
}
2017-11-29 17:45:04 +0000 [MT] Entitlements for <IDEDistributionItem: 0x7f832f741b60 'com.apple.dt.runtime.swiftMetal' '<DVTFilePath:0x7f8332a62730:'/Users/sthota/Documents/iOSApps/JM/gotchapp/Builds/JM.xcarchive/Products/Applications/JM.app/Frameworks/libswiftMetal.dylib'>'>: {
}
2017-11-29 17:45:04 +0000 [MT] Writing entitlements for <IDEDistributionItem: 0x7f832f741b60 'com.apple.dt.runtime.swiftMetal' '<DVTFilePath:0x7f8332a62730:'/Users/sthota/Documents/iOSApps/JM/gotchapp/Builds/JM.xcarchive/Products/Applications/JM.app/Frameworks/libswiftMetal.dylib'>'> to: /var/folders/9g/d69s_tv50p71y6_tb390pjn82zcnpk/T/XcodeDistPipeline.QtB/entitlementsBMG39K
2017-11-29 17:45:04 +0000 [MT] Running /usr/bin/codesign '-vvv' '--force' '--sign' '82C501310C0A3A2DC1C80D77883D0CAAB3F151FE' '--preserve-metadata=identifier,flags' '--entitlements' '/var/folders/9g/d69s_tv50p71y6_tb390pjn82zcnpk/T/XcodeDistPipeline.QtB/entitlementsBMG39K' '/var/folders/9g/d69s_tv50p71y6_tb390pjn82zcnpk/T/XcodeDistPipeline.QtB/Root/Payload/JM.app/Frameworks/libswiftMetal.dylib'
2017-11-29 17:45:04 +0000  /var/folders/9g/d69s_tv50p71y6_tb390pjn82zcnpk/T/XcodeDistPipeline.QtB/Root/Payload/JM.app/Frameworks/libswiftMetal.dylib: signed Mach-O universal (armv7 armv7s arm64) [com.apple.dt.runtime.swiftMetal]
2017-11-29 17:45:04 +0000 [MT] /usr/bin/codesign exited with 0
2017-11-29 17:45:04 +0000 [MT] Applying entitlements delta for <IDEDistributionItem: 0x7f832f756430 'com.apple.dt.runtime.swiftObjectiveC' '<DVTFilePath:0x7f8332a64b80:'/Users/sthota/Documents/iOSApps/JM/gotchapp/Builds/JM.xcarchive/Products/Applications/JM.app/Frameworks/libswiftObjectiveC.dylib'>'> from <IDEiCloudEntitlementsProcessor: 0x7f832f745ee0>: {
}
2017-11-29 17:45:04 +0000 [MT] Entitlements for <IDEDistributionItem: 0x7f832f756430 'com.apple.dt.runtime.swiftObjectiveC' '<DVTFilePath:0x7f8332a64b80:'/Users/sthota/Documents/iOSApps/JM/gotchapp/Builds/JM.xcarchive/Products/Applications/JM.app/Frameworks/libswiftObjectiveC.dylib'>'>: {
}
2017-11-29 17:45:04 +0000 [MT] Writing entitlements for <IDEDistributionItem: 0x7f832f756430 'com.apple.dt.runtime.swiftObjectiveC' '<DVTFilePath:0x7f8332a64b80:'/Users/sthota/Documents/iOSApps/JM/gotchapp/Builds/JM.xcarchive/Products/Applications/JM.app/Frameworks/libswiftObjectiveC.dylib'>'> to: /var/folders/9g/d69s_tv50p71y6_tb390pjn82zcnpk/T/XcodeDistPipeline.QtB/entitlementsSkzwye
2017-11-29 17:45:04 +0000 [MT] Running /usr/bin/codesign '-vvv' '--force' '--sign' '82C501310C0A3A2DC1C80D77883D0CAAB3F151FE' '--preserve-metadata=identifier,flags' '--entitlements' '/var/folders/9g/d69s_tv50p71y6_tb390pjn82zcnpk/T/XcodeDistPipeline.QtB/entitlementsSkzwye' '/var/folders/9g/d69s_tv50p71y6_tb390pjn82zcnpk/T/XcodeDistPipeline.QtB/Root/Payload/JM.app/Frameworks/libswiftObjectiveC.dylib'
2017-11-29 17:45:04 +0000  /var/folders/9g/d69s_tv50p71y6_tb390pjn82zcnpk/T/XcodeDistPipeline.QtB/Root/Payload/JM.app/Frameworks/libswiftObjectiveC.dylib: signed Mach-O universal (armv7 armv7s arm64) [com.apple.dt.runtime.swiftObjectiveC]
2017-11-29 17:45:04 +0000 [MT] /usr/bin/codesign exited with 0
2017-11-29 17:45:04 +0000 [MT] Applying entitlements delta for <IDEDistributionItem: 0x7f8332825cd0 'com.apple.dt.runtime.swiftQuartzCore' '<DVTFilePath:0x7f8332a66620:'/Users/sthota/Documents/iOSApps/JM/gotchapp/Builds/JM.xcarchive/Products/Applications/JM.app/Frameworks/libswiftQuartzCore.dylib'>'> from <IDEiCloudEntitlementsProcessor: 0x7f832f7521a0>: {
}
2017-11-29 17:45:04 +0000 [MT] Entitlements for <IDEDistributionItem: 0x7f8332825cd0 'com.apple.dt.runtime.swiftQuartzCore' '<DVTFilePath:0x7f8332a66620:'/Users/sthota/Documents/iOSApps/JM/gotchapp/Builds/JM.xcarchive/Products/Applications/JM.app/Frameworks/libswiftQuartzCore.dylib'>'>: {
}
2017-11-29 17:45:04 +0000 [MT] Writing entitlements for <IDEDistributionItem: 0x7f8332825cd0 'com.apple.dt.runtime.swiftQuartzCore' '<DVTFilePath:0x7f8332a66620:'/Users/sthota/Documents/iOSApps/JM/gotchapp/Builds/JM.xcarchive/Products/Applications/JM.app/Frameworks/libswiftQuartzCore.dylib'>'> to: /var/folders/9g/d69s_tv50p71y6_tb390pjn82zcnpk/T/XcodeDistPipeline.QtB/entitlementsUbr3CT
2017-11-29 17:45:04 +0000 [MT] Running /usr/bin/codesign '-vvv' '--force' '--sign' '82C501310C0A3A2DC1C80D77883D0CAAB3F151FE' '--preserve-metadata=identifier,flags' '--entitlements' '/var/folders/9g/d69s_tv50p71y6_tb390pjn82zcnpk/T/XcodeDistPipeline.QtB/entitlementsUbr3CT' '/var/folders/9g/d69s_tv50p71y6_tb390pjn82zcnpk/T/XcodeDistPipeline.QtB/Root/Payload/JM.app/Frameworks/libswiftQuartzCore.dylib'
2017-11-29 17:45:04 +0000  /var/folders/9g/d69s_tv50p71y6_tb390pjn82zcnpk/T/XcodeDistPipeline.QtB/Root/Payload/JM.app/Frameworks/libswiftQuartzCore.dylib: signed Mach-O universal (armv7 armv7s arm64) [com.apple.dt.runtime.swiftQuartzCore]
2017-11-29 17:45:04 +0000 [MT] /usr/bin/codesign exited with 0
2017-11-29 17:45:04 +0000 [MT] Applying entitlements delta for <IDEDistributionItem: 0x7f832f73a140 'com.apple.dt.runtime.swiftUIKit' '<DVTFilePath:0x7f8332a680f0:'/Users/sthota/Documents/iOSApps/JM/gotchapp/Builds/JM.xcarchive/Products/Applications/JM.app/Frameworks/libswiftUIKit.dylib'>'> from <IDEiCloudEntitlementsProcessor: 0x7f832f723c80>: {
}
2017-11-29 17:45:04 +0000 [MT] Entitlements for <IDEDistributionItem: 0x7f832f73a140 'com.apple.dt.runtime.swiftUIKit' '<DVTFilePath:0x7f8332a680f0:'/Users/sthota/Documents/iOSApps/JM/gotchapp/Builds/JM.xcarchive/Products/Applications/JM.app/Frameworks/libswiftUIKit.dylib'>'>: {
}
2017-11-29 17:45:04 +0000 [MT] Writing entitlements for <IDEDistributionItem: 0x7f832f73a140 'com.apple.dt.runtime.swiftUIKit' '<DVTFilePath:0x7f8332a680f0:'/Users/sthota/Documents/iOSApps/JM/gotchapp/Builds/JM.xcarchive/Products/Applications/JM.app/Frameworks/libswiftUIKit.dylib'>'> to: /var/folders/9g/d69s_tv50p71y6_tb390pjn82zcnpk/T/XcodeDistPipeline.QtB/entitlementsGMYZ3e
2017-11-29 17:45:04 +0000 [MT] Running /usr/bin/codesign '-vvv' '--force' '--sign' '82C501310C0A3A2DC1C80D77883D0CAAB3F151FE' '--preserve-metadata=identifier,flags' '--entitlements' '/var/folders/9g/d69s_tv50p71y6_tb390pjn82zcnpk/T/XcodeDistPipeline.QtB/entitlementsGMYZ3e' '/var/folders/9g/d69s_tv50p71y6_tb390pjn82zcnpk/T/XcodeDistPipeline.QtB/Root/Payload/JM.app/Frameworks/libswiftUIKit.dylib'
2017-11-29 17:45:04 +0000  /var/folders/9g/d69s_tv50p71y6_tb390pjn82zcnpk/T/XcodeDistPipeline.QtB/Root/Payload/JM.app/Frameworks/libswiftUIKit.dylib: signed Mach-O universal (armv7 armv7s arm64) [com.apple.dt.runtime.swiftUIKit]
2017-11-29 17:45:04 +0000 [MT] /usr/bin/codesign exited with 0
2017-11-29 17:45:04 +0000 [MT] Applying entitlements delta for <IDEDistributionItem: 0x7f832f72f6d0 'com.apple.dt.runtime.swiftos' '<DVTFilePath:0x7f8332a65940:'/Users/sthota/Documents/iOSApps/JM/gotchapp/Builds/JM.xcarchive/Products/Applications/JM.app/Frameworks/libswiftos.dylib'>'> from <IDEiCloudEntitlementsProcessor: 0x7f832f76e1a0>: {
}
2017-11-29 17:45:04 +0000 [MT] Entitlements for <IDEDistributionItem: 0x7f832f72f6d0 'com.apple.dt.runtime.swiftos' '<DVTFilePath:0x7f8332a65940:'/Users/sthota/Documents/iOSApps/JM/gotchapp/Builds/JM.xcarchive/Products/Applications/JM.app/Frameworks/libswiftos.dylib'>'>: {
}
2017-11-29 17:45:04 +0000 [MT] Writing entitlements for <IDEDistributionItem: 0x7f832f72f6d0 'com.apple.dt.runtime.swiftos' '<DVTFilePath:0x7f8332a65940:'/Users/sthota/Documents/iOSApps/JM/gotchapp/Builds/JM.xcarchive/Products/Applications/JM.app/Frameworks/libswiftos.dylib'>'> to: /var/folders/9g/d69s_tv50p71y6_tb390pjn82zcnpk/T/XcodeDistPipeline.QtB/entitlements0J5mlh
2017-11-29 17:45:04 +0000 [MT] Running /usr/bin/codesign '-vvv' '--force' '--sign' '82C501310C0A3A2DC1C80D77883D0CAAB3F151FE' '--preserve-metadata=identifier,flags' '--entitlements' '/var/folders/9g/d69s_tv50p71y6_tb390pjn82zcnpk/T/XcodeDistPipeline.QtB/entitlements0J5mlh' '/var/folders/9g/d69s_tv50p71y6_tb390pjn82zcnpk/T/XcodeDistPipeline.QtB/Root/Payload/JM.app/Frameworks/libswiftos.dylib'
2017-11-29 17:45:05 +0000  /var/folders/9g/d69s_tv50p71y6_tb390pjn82zcnpk/T/XcodeDistPipeline.QtB/Root/Payload/JM.app/Frameworks/libswiftos.dylib: signed Mach-O universal (armv7 armv7s arm64) [com.apple.dt.runtime.swiftos]
2017-11-29 17:45:05 +0000 [MT] /usr/bin/codesign exited with 0
2017-11-29 17:45:05 +0000 [MT] Applying entitlements delta for <IDEDistributionItem: 0x7f832f771c80 'com.buddysuri.app.jm.JM' '<DVTFilePath:0x7f832f578190:'/Users/sthota/Documents/iOSApps/JM/gotchapp/Builds/JM.xcarchive/Products/Applications/JM.app'>'> from <IDEiCloudEntitlementsProcessor: 0x7f832f741360>: {
}
2017-11-29 17:45:05 +0000 [MT] Entitlements for <IDEDistributionItem: 0x7f832f771c80 'com.buddysuri.app.jm.JM' '<DVTFilePath:0x7f832f578190:'/Users/sthota/Documents/iOSApps/JM/gotchapp/Builds/JM.xcarchive/Products/Applications/JM.app'>'>: {
    "application-identifier" = "PXJ934633Z.com.buddysuri.app.jm.JM";
    "com.apple.developer.team-identifier" = PXJ934633Z;
    "get-task-allow" = 1;
    "keychain-access-groups" =     (
        "PXJ934633Z.com.buddysuri.app.jm.JM"
    );
}
2017-11-29 17:45:05 +0000 [MT] Writing entitlements for <IDEDistributionItem: 0x7f832f771c80 'com.buddysuri.app.jm.JM' '<DVTFilePath:0x7f832f578190:'/Users/sthota/Documents/iOSApps/JM/gotchapp/Builds/JM.xcarchive/Products/Applications/JM.app'>'> to: /var/folders/9g/d69s_tv50p71y6_tb390pjn82zcnpk/T/XcodeDistPipeline.QtB/entitlements6QhaVn
2017-11-29 17:45:05 +0000 [MT] Running /usr/bin/codesign '-vvv' '--force' '--sign' '82C501310C0A3A2DC1C80D77883D0CAAB3F151FE' '--preserve-metadata=identifier,flags' '--entitlements' '/var/folders/9g/d69s_tv50p71y6_tb390pjn82zcnpk/T/XcodeDistPipeline.QtB/entitlements6QhaVn' '/var/folders/9g/d69s_tv50p71y6_tb390pjn82zcnpk/T/XcodeDistPipeline.QtB/Root/Payload/JM.app'
2017-11-29 17:45:05 +0000  /var/folders/9g/d69s_tv50p71y6_tb390pjn82zcnpk/T/XcodeDistPipeline.QtB/Root/Payload/JM.app: signed app bundle with Mach-O thin (arm64) [com.buddysuri.app.jm.JM]
2017-11-29 17:45:05 +0000 [MT] /usr/bin/codesign exited with 0
2017-11-29 17:45:05 +0000 [MT] Processing step: IDEDistributionStreamingZipItemStep
2017-11-29 17:45:05 +0000 [MT] Skipping step: IDEDistributionStreamingZipItemStep because it said so
2017-11-29 17:45:05 +0000 [MT] Skipping step: IDEDistributionStreamingZipItemStep because it said so
2017-11-29 17:45:05 +0000 [MT] Skipping step: IDEDistributionStreamingZipItemStep because it said so
2017-11-29 17:45:05 +0000 [MT] Skipping step: IDEDistributionStreamingZipItemStep because it said so
2017-11-29 17:45:05 +0000 [MT] Skipping step: IDEDistributionStreamingZipItemStep because it said so
2017-11-29 17:45:05 +0000 [MT] Skipping step: IDEDistributionStreamingZipItemStep because it said so
2017-11-29 17:45:05 +0000 [MT] Skipping step: IDEDistributionStreamingZipItemStep because it said so
2017-11-29 17:45:05 +0000 [MT] Skipping step: IDEDistributionStreamingZipItemStep because it said so
2017-11-29 17:45:05 +0000 [MT] Skipping step: IDEDistributionStreamingZipItemStep because it said so
2017-11-29 17:45:05 +0000 [MT] Skipping step: IDEDistributionStreamingZipItemStep because it said so
2017-11-29 17:45:05 +0000 [MT] Skipping step: IDEDistributionStreamingZipItemStep because it said so
2017-11-29 17:45:05 +0000 [MT] Skipping step: IDEDistributionStreamingZipItemStep because it said so
2017-11-29 17:45:05 +0000 [MT] Skipping step: IDEDistributionStreamingZipItemStep because it said so
2017-11-29 17:45:05 +0000 [MT] Processing step: IDEDistributionCreateIPAStep
2017-11-29 17:45:05 +0000 [MT] Running /usr/bin/ditto '-V' '-c' '-k' '--norsrc' '/var/folders/9g/d69s_tv50p71y6_tb390pjn82zcnpk/T/XcodeDistPipeline.QtB/Root' '/var/folders/9g/d69s_tv50p71y6_tb390pjn82zcnpk/T/XcodeDistPipeline.QtB/Packages/JM.ipa'
2017-11-29 17:45:05 +0000  >>> Copying /var/folders/9g/d69s_tv50p71y6_tb390pjn82zcnpk/T/XcodeDistPipeline.QtB/Root 
2017-11-29 17:45:05 +0000  
2017-11-29 17:45:05 +0000  copying file ./Payload/JM.app/_CodeSignature/CodeResources ... 
2017-11-29 17:45:05 +0000  9019 bytes for ./Payload/JM.app/_CodeSignature/CodeResources
2017-11-29 17:45:05 +0000  copying file ./Payload/JM.app/archived-expanded-entitlements.xcent ... 
384 bytes for ./Payload/JM.app/archived-expanded-entitlements.xcent
copying file ./Payload/JM.app/Base.lproj/LaunchScreen.storyboardc/01J-lp-oVM-view-Ze5-6b-2t3.nib ... 
2017-11-29 17:45:05 +0000  1136 bytes for ./Payload/JM.app/Base.lproj/LaunchScreen.storyboardc/01J-lp-oVM-view-Ze5-6b-2t3.nib
copying file ./Payload/JM.app/Base.lproj/LaunchScreen.storyboardc/Info.plist ... 
258 bytes for ./Payload/JM.app/Base.lproj/LaunchScreen.storyboardc/Info.plist
copying file ./Payload/JM.app/Base.lproj/LaunchScreen.storyboardc/UIViewController-01J-lp-oVM.nib ... 
2017-11-29 17:45:05 +0000  832 bytes for ./Payload/JM.app/Base.lproj/LaunchScreen.storyboardc/UIViewController-01J-lp-oVM.nib
copying file ./Payload/JM.app/Base.lproj/Main.storyboardc/BYZ-38-t0r-view-8bC-Xf-vdC.nib ... 
2017-11-29 17:45:05 +0000  1136 bytes for ./Payload/JM.app/Base.lproj/Main.storyboardc/BYZ-38-t0r-view-8bC-Xf-vdC.nib
copying file ./Payload/JM.app/Base.lproj/Main.storyboardc/Info.plist ... 
258 bytes for ./Payload/JM.app/Base.lproj/Main.storyboardc/Info.plist
copying file ./Payload/JM.app/Base.lproj/Main.storyboardc/UIViewController-BYZ-38-t0r.nib ... 
2017-11-29 17:45:05 +0000  925 bytes for ./Payload/JM.app/Base.lproj/Main.storyboardc/UIViewController-BYZ-38-t0r.nib
copying file ./Payload/JM.app/embedded.mobileprovision ... 
2017-11-29 17:45:05 +0000  9616 bytes for ./Payload/JM.app/embedded.mobileprovision
2017-11-29 17:45:05 +0000  copying file ./Payload/JM.app/Frameworks/libswiftCore.dylib ... 
2017-11-29 17:45:06 +0000  21046032 bytes for ./Payload/JM.app/Frameworks/libswiftCore.dylib
copying file ./Payload/JM.app/Frameworks/libswiftCoreFoundation.dylib ... 
2017-11-29 17:45:06 +0000  208656 bytes for ./Payload/JM.app/Frameworks/libswiftCoreFoundation.dylib
copying file ./Payload/JM.app/Frameworks/libswiftCoreGraphics.dylib ... 
2017-11-29 17:45:06 +0000  578112 bytes for ./Payload/JM.app/Frameworks/libswiftCoreGraphics.dylib
copying file ./Payload/JM.app/Frameworks/libswiftCoreImage.dylib ... 
2017-11-29 17:45:06 +0000  209216 bytes for ./Payload/JM.app/Frameworks/libswiftCoreImage.dylib
copying file ./Payload/JM.app/Frameworks/libswiftDarwin.dylib ... 
2017-11-29 17:45:06 +0000  303424 bytes for ./Payload/JM.app/Frameworks/libswiftDarwin.dylib
copying file ./Payload/JM.app/Frameworks/libswiftDispatch.dylib ... 
2017-11-29 17:45:06 +0000  1009616 bytes for ./Payload/JM.app/Frameworks/libswiftDispatch.dylib
copying file ./Payload/JM.app/Frameworks/libswiftFoundation.dylib ... 
2017-11-29 17:45:06 +0000  8526096 bytes for ./Payload/JM.app/Frameworks/libswiftFoundation.dylib
copying file ./Payload/JM.app/Frameworks/libswiftMetal.dylib ... 
2017-11-29 17:45:06 +0000  251616 bytes for ./Payload/JM.app/Frameworks/libswiftMetal.dylib
copying file ./Payload/JM.app/Frameworks/libswiftObjectiveC.dylib ... 
2017-11-29 17:45:06 +0000  259296 bytes for ./Payload/JM.app/Frameworks/libswiftObjectiveC.dylib
copying file ./Payload/JM.app/Frameworks/libswiftos.dylib ... 
2017-11-29 17:45:06 +0000  249264 bytes for ./Payload/JM.app/Frameworks/libswiftos.dylib
copying file ./Payload/JM.app/Frameworks/libswiftQuartzCore.dylib ... 
2017-11-29 17:45:06 +0000  212576 bytes for ./Payload/JM.app/Frameworks/libswiftQuartzCore.dylib
copying file ./Payload/JM.app/Frameworks/libswiftUIKit.dylib ... 
2017-11-29 17:45:06 +0000  361856 bytes for ./Payload/JM.app/Frameworks/libswiftUIKit.dylib
copying file ./Payload/JM.app/Info.plist ... 
2017-11-29 17:45:06 +0000  1104 bytes for ./Payload/JM.app/Info.plist
copying file ./Payload/JM.app/JM ... 
2017-11-29 17:45:06 +0000  65680 bytes for ./Payload/JM.app/JM
copying file ./Payload/JM.app/PkgInfo ... 
2017-11-29 17:45:06 +0000  8 bytes for ./Payload/JM.app/PkgInfo
2017-11-29 17:45:06 +0000 [MT] /usr/bin/ditto exited with 0
2017-11-29 17:45:06 +0000 [MT] Processing step: IDEDistributionCreateManifestStep
